<?xml version="1.0" encoding="UTF-8"?>
<testng-results skipped="0" failed="0" ignored="0" total="1" passed="1">
  <reporter-output>
  </reporter-output>
  <suite name="CalculatorTest" duration-ms="41" started-at="2018-04-14T06:19:16Z" finished-at="2018-04-14T06:19:16Z">
    <groups>
    </groups>
    <test name="Command line test" duration-ms="41" started-at="2018-04-14T06:19:16Z" finished-at="2018-04-14T06:19:16Z">
      <class name="CalculatorTest">
        <test-method status="PASS" signature="setUp()[pri:0, instance:CalculatorTest@577f9109]" name="setUp" is-config="true" duration-ms="9" started-at="2018-04-14T02:19:16Z" finished-at="2018-04-14T02:19:16Z">
          <reporter-output>
          </reporter-output>
        </test-method> <!-- setUp -->
        <test-method status="PASS" signature="testAdd()[pri:0, instance:CalculatorTest@577f9109]" name="testAdd" duration-ms="4" started-at="2018-04-14T02:19:16Z" finished-at="2018-04-14T02:19:16Z">
          <reporter-output>
          </reporter-output>
        </test-method> <!-- testAdd -->
      </class> <!-- CalculatorTest -->
    </test> <!-- Command line test -->
  </suite> <!-- CalculatorTest -->
</testng-results>
